2020-01-07 15:39:12,097 [INFO] from application in play-dev-mode-akka.actor.default-dispatcher-8 - ApplicationTimer demo: Starting application at 2020-01-07T07:39:12.095Z.
2020-01-07 15:39:12,612 [INFO] from play.api.http.EnabledFilters in play-dev-mode-akka.actor.default-dispatcher-8 - Enabled Filters (see <https://www.playframework.com/documentation/latest/Filters>):

    play.filters.csrf.CSRFFilter
    filters.ExampleFilter
    filters.ExampleFilter

2020-01-07 15:39:12,617 [INFO] from play.api.Play in play-dev-mode-akka.actor.default-dispatcher-8 - Application started (Dev)
2020-01-07 15:39:13,310 [WARN] from play.api.mvc.DefaultJWTCookieDataCodec in application-akka.actor.default-dispatcher-6 - decode: cookie has invalid signature! message = JWT signature does not match locally computed signature. JWT validity cannot be asserted and should not be trusted.
2020-01-07 15:39:13,314 [INFO] from play.api.mvc.DefaultJWTCookieDataCodec in application-akka.actor.default-dispatcher-6 - The JWT signature in the cookie does not match the locally computed signature with the server.
This usually indicates the browser has a leftover cookie from another Play application,
so clearing cookies may resolve this error message.
2020-01-07 15:39:13,786 [WARN] from play.api.mvc.DefaultJWTCookieDataCodec in application-akka.actor.default-dispatcher-6 - decode: cookie has invalid signature! message = JWT signature does not match locally computed signature. JWT validity cannot be asserted and should not be trusted.
2020-01-07 15:39:13,786 [INFO] from play.api.mvc.DefaultJWTCookieDataCodec in application-akka.actor.default-dispatcher-6 - The JWT signature in the cookie does not match the locally computed signature with the server.
This usually indicates the browser has a leftover cookie from another Play application,
so clearing cookies may resolve this error message.
2020-01-07 15:39:13,792 [WARN] from play.api.mvc.DefaultJWTCookieDataCodec in application-akka.actor.default-dispatcher-7 - decode: cookie has invalid signature! message = JWT signature does not match locally computed signature. JWT validity cannot be asserted and should not be trusted.
2020-01-07 15:39:13,793 [INFO] from play.api.mvc.DefaultJWTCookieDataCodec in application-akka.actor.default-dispatcher-7 - The JWT signature in the cookie does not match the locally computed signature with the server.
This usually indicates the browser has a leftover cookie from another Play application,
so clearing cookies may resolve this error message.
2020-01-07 15:39:13,795 [WARN] from play.api.mvc.DefaultJWTCookieDataCodec in application-akka.actor.default-dispatcher-2 - decode: cookie has invalid signature! message = JWT signature does not match locally computed signature. JWT validity cannot be asserted and should not be trusted.
2020-01-07 15:39:13,795 [INFO] from play.api.mvc.DefaultJWTCookieDataCodec in application-akka.actor.default-dispatcher-2 - The JWT signature in the cookie does not match the locally computed signature with the server.
This usually indicates the browser has a leftover cookie from another Play application,
so clearing cookies may resolve this error message.
2020-01-07 15:39:13,799 [WARN] from play.api.mvc.DefaultJWTCookieDataCodec in application-akka.actor.default-dispatcher-4 - decode: cookie has invalid signature! message = JWT signature does not match locally computed signature. JWT validity cannot be asserted and should not be trusted.
2020-01-07 15:39:13,799 [INFO] from play.api.mvc.DefaultJWTCookieDataCodec in application-akka.actor.default-dispatcher-4 - The JWT signature in the cookie does not match the locally computed signature with the server.
This usually indicates the browser has a leftover cookie from another Play application,
so clearing cookies may resolve this error message.
2020-01-07 15:39:14,249 [WARN] from play.api.mvc.DefaultJWTCookieDataCodec in application-akka.actor.default-dispatcher-7 - decode: cookie has invalid signature! message = JWT signature does not match locally computed signature. JWT validity cannot be asserted and should not be trusted.
2020-01-07 15:39:14,249 [INFO] from play.api.mvc.DefaultJWTCookieDataCodec in application-akka.actor.default-dispatcher-7 - The JWT signature in the cookie does not match the locally computed signature with the server.
This usually indicates the browser has a leftover cookie from another Play application,
so clearing cookies may resolve this error message.
2020-01-07 15:42:23,821 [INFO] from application in play-dev-mode-akka.actor.default-dispatcher-31 - ApplicationTimer demo: Stopping application at 2020-01-07T07:42:23.821Z after 191s.
2020-01-07 15:42:24,407 [INFO] from application in play-dev-mode-akka.actor.default-dispatcher-31 - ApplicationTimer demo: Starting application at 2020-01-07T07:42:24.403Z.
2020-01-07 15:42:24,462 [INFO] from play.api.http.EnabledFilters in play-dev-mode-akka.actor.default-dispatcher-31 - Enabled Filters (see <https://www.playframework.com/documentation/latest/Filters>):

    play.filters.csrf.CSRFFilter
    filters.ExampleFilter
    filters.ExampleFilter

2020-01-07 15:42:24,463 [INFO] from play.api.Play in play-dev-mode-akka.actor.default-dispatcher-31 - Application started (Dev)
2020-01-07 15:43:15,351 [INFO] from application in play-dev-mode-akka.actor.default-dispatcher-29 - ApplicationTimer demo: Stopping application at 2020-01-07T07:43:15.351Z after 51s.
2020-01-07 15:43:15,811 [INFO] from application in play-dev-mode-akka.actor.default-dispatcher-29 - ApplicationTimer demo: Starting application at 2020-01-07T07:43:15.810Z.
2020-01-07 15:43:15,843 [INFO] from play.api.http.EnabledFilters in play-dev-mode-akka.actor.default-dispatcher-29 - Enabled Filters (see <https://www.playframework.com/documentation/latest/Filters>):

    play.filters.csrf.CSRFFilter
    filters.ExampleFilter
    filters.ExampleFilter

2020-01-07 15:43:15,843 [INFO] from play.api.Play in play-dev-mode-akka.actor.default-dispatcher-29 - Application started (Dev)
2020-01-07 15:43:33,497 [INFO] from application in play-dev-mode-akka.actor.default-dispatcher-30 - ApplicationTimer demo: Stopping application at 2020-01-07T07:43:33.497Z after 18s.
2020-01-07 15:43:33,978 [INFO] from application in play-dev-mode-akka.actor.default-dispatcher-30 - ApplicationTimer demo: Starting application at 2020-01-07T07:43:33.977Z.
2020-01-07 15:43:34,030 [INFO] from play.api.http.EnabledFilters in play-dev-mode-akka.actor.default-dispatcher-30 - Enabled Filters (see <https://www.playframework.com/documentation/latest/Filters>):

    play.filters.csrf.CSRFFilter
    filters.ExampleFilter
    filters.ExampleFilter

2020-01-07 15:43:34,030 [INFO] from play.api.Play in play-dev-mode-akka.actor.default-dispatcher-30 - Application started (Dev)
2020-01-07 15:43:53,332 [INFO] from play.core.server.AkkaHttpServer in pool-7-thread-4 - Stopping server...
2020-01-07 15:43:53,337 [INFO] from application in pool-7-thread-4 - ApplicationTimer demo: Stopping application at 2020-01-07T07:43:53.337Z after 20s.
